<?xml version="1.0" encoding="UTF-8" standalone="yes" ?>
<test-results name="D:\cursos_2021\DELPHI_CLUBE_PROGRAMADORES\DUnitX_Project\exe\DUnitXProjectTeste.exe" total="3" errors="0" failures="3" ignored="0" inconclusive="0" not-run="0" skipped="0" invalid="0" date="2021-06-19" time="0.048">
  <culture-info current-culture="en" current-uiculture="en" />
  <test-suite type="Assembly" name="DUnitXProjectTeste.exe" executed="true" result="Failure" success="False" time="0.048" asserts="0">
    <results>
        <test-suite type="Namespace" name="uMainTeste" executed="true" result="Failure" success="False" time="0.048" asserts="0" >
          <results>
              <test-suite type="Fixture" name="TMyTestObject" executed="True" result="Failure" success="False" time="0.048" >
                <results>
                  <test-case name="TesteTratarCpfCnpj" executed="True" result="Failure" success="False" time="0.034" asserts="0" >
                    <failure>
                      <message>
                        <![CDATA[ Condition is False when True expected. [] ]]>
                      </message>
                      <stack-trace>
                        <![CDATA[  ]]>
                      </stack-trace>
                    </failure>
                  </test-case>
                  <test-case name="TesteTratarCpfCnpj.CaseCPF" executed="True" result="Failure" success="False" time="0.009" asserts="0" >
                    <failure>
                      <message>
                        <![CDATA[ Condition is False when True expected. [TPessoa.TratarCpfCnpj] ]]>
                      </message>
                      <stack-trace>
                        <![CDATA[  ]]>
                      </stack-trace>
                    </failure>
                  </test-case>
                  <test-case name="TesteTratarCpfCnpj.CaseCNPJ" executed="True" result="Failure" success="False" time="0.004" asserts="0" >
                    <failure>
                      <message>
                        <![CDATA[ Condition is False when True expected. [TPessoa.TratarCpfCnpj] ]]>
                      </message>
                      <stack-trace>
                        <![CDATA[  ]]>
                      </stack-trace>
                    </failure>
                  </test-case>
                </results>
              </test-suite>
          </results>
        </test-suite>
    </results>
  </test-suite>
</test-results>
